[37m2023-06-10T17:59:06.204+0530[0;39m [34mINFO [0;39m [[36mtraceId: [0;39m] [[36msourceIp: [0;39m] [[36muserId: [0;39m] [[32mbackground-preinit[0;39m] [33mo.h.v.i.util.Version[0;39m::[35m?[0;39m: - HV000001: Hibernate Validator 6.2.5.Final
[37m2023-06-10T17:59:06.213+0530[0;39m [34mINFO [0;39m [[36mtraceId: [0;39m] [[36msourceIp: [0;39m] [[36muserId: [0;39m] [[32mrestartedMain[0;39m] [33mc.b.E.ElectronicStoreApplication[0;39m::[35m?[0;39m: - Starting ElectronicStoreApplication using Java 18.0.2.1 on LAPTOP-FF11HISS with PID 3564 (D:\Manish\Project Intellij\Electronic Store\ElectronicStore\ElectronicStore\target\classes started by manis in D:\Manish\Project Intellij\Electronic Store\ElectronicStore\ElectronicStore)
[37m2023-06-10T17:59:06.214+0530[0;39m [39mDEBUG[0;39m [[36mtraceId: [0;39m] [[36msourceIp: [0;39m] [[36muserId: [0;39m] [[32mrestartedMain[0;39m] [33mc.b.E.ElectronicStoreApplication[0;39m::[35m?[0;39m: - Running with Spring Boot v2.7.12, Spring v5.3.27
[37m2023-06-10T17:59:06.214+0530[0;39m [34mINFO [0;39m [[36mtraceId: [0;39m] [[36msourceIp: [0;39m] [[36muserId: [0;39m] [[32mrestartedMain[0;39m] [33mc.b.E.ElectronicStoreApplication[0;39m::[35m?[0;39m: - No active profile set, falling back to 1 default profile: "default"
[37m2023-06-10T17:59:06.284+0530[0;39m [34mINFO [0;39m [[36mtraceId: [0;39m] [[36msourceIp: [0;39m] [[36muserId: [0;39m] [[32mrestartedMain[0;39m] [33mo.s.b.d.e.DevToolsPropertyDefaultsPostProcessor[0;39m::[35m?[0;39m: - Devtools property defaults active! Set 'spring.devtools.add-properties' to 'false' to disable
[37m2023-06-10T17:59:06.284+0530[0;39m [34mINFO [0;39m [[36mtraceId: [0;39m] [[36msourceIp: [0;39m] [[36muserId: [0;39m] [[32mrestartedMain[0;39m] [33mo.s.b.d.e.DevToolsPropertyDefaultsPostProcessor[0;39m::[35m?[0;39m: - For additional web related logging consider setting the 'logging.level.web' property to 'DEBUG'
[37m2023-06-10T17:59:07.388+0530[0;39m [34mINFO [0;39m [[36mtraceId: [0;39m] [[36msourceIp: [0;39m] [[36muserId: [0;39m] [[32mrestartedMain[0;39m] [33mo.s.d.r.c.RepositoryConfigurationDelegate[0;39m::[35m?[0;39m: - Bootstrapping Spring Data JPA repositories in DEFAULT mode.
[37m2023-06-10T17:59:07.455+0530[0;39m [34mINFO [0;39m [[36mtraceId: [0;39m] [[36msourceIp: [0;39m] [[36muserId: [0;39m] [[32mrestartedMain[0;39m] [33mo.s.d.r.c.RepositoryConfigurationDelegate[0;39m::[35m?[0;39m: - Finished Spring Data repository scanning in 55 ms. Found 1 JPA repository interfaces.
[37m2023-06-10T17:59:08.444+0530[0;39m [34mINFO [0;39m [[36mtraceId: [0;39m] [[36msourceIp: [0;39m] [[36muserId: [0;39m] [[32mrestartedMain[0;39m] [33mo.s.b.w.e.t.TomcatWebServer[0;39m::[35m?[0;39m: - Tomcat initialized with port(s): 9823 (http)
[37m2023-06-10T17:59:08.460+0530[0;39m [34mINFO [0;39m [[36mtraceId: [0;39m] [[36msourceIp: [0;39m] [[36muserId: [0;39m] [[32mrestartedMain[0;39m] [33mo.a.c.h.Http11NioProtocol[0;39m::[35m?[0;39m: - Initializing ProtocolHandler ["http-nio-9823"]
[37m2023-06-10T17:59:08.460+0530[0;39m [34mINFO [0;39m [[36mtraceId: [0;39m] [[36msourceIp: [0;39m] [[36muserId: [0;39m] [[32mrestartedMain[0;39m] [33mo.a.c.c.StandardService[0;39m::[35m?[0;39m: - Starting service [Tomcat]
[37m2023-06-10T17:59:08.460+0530[0;39m [34mINFO [0;39m [[36mtraceId: [0;39m] [[36msourceIp: [0;39m] [[36muserId: [0;39m] [[32mrestartedMain[0;39m] [33mo.a.c.c.StandardEngine[0;39m::[35m?[0;39m: - Starting Servlet engine: [Apache Tomcat/9.0.75]
[37m2023-06-10T17:59:08.575+0530[0;39m [34mINFO [0;39m [[36mtraceId: [0;39m] [[36msourceIp: [0;39m] [[36muserId: [0;39m] [[32mrestartedMain[0;39m] [33mo.a.c.c.C.[.[.[/][0;39m::[35m?[0;39m: - Initializing Spring embedded WebApplicationContext
[37m2023-06-10T17:59:08.575+0530[0;39m [34mINFO [0;39m [[36mtraceId: [0;39m] [[36msourceIp: [0;39m] [[36muserId: [0;39m] [[32mrestartedMain[0;39m] [33mo.s.b.w.s.c.ServletWebServerApplicationContext[0;39m::[35m?[0;39m: - Root WebApplicationContext: initialization completed in 2289 ms
[37m2023-06-10T17:59:08.669+0530[0;39m [39mDEBUG[0;39m [[36mtraceId: [0;39m] [[36msourceIp: [0;39m] [[36muserId: [0;39m] [[32mrestartedMain[0;39m] [33mc.z.h.HikariConfig[0;39m::[35m?[0;39m: - Driver class com.mysql.cj.jdbc.Driver found in Thread context class loader org.springframework.boot.devtools.restart.classloader.RestartClassLoader@11488d3b
[37m2023-06-10T17:59:09.178+0530[0;39m [34mINFO [0;39m [[36mtraceId: [0;39m] [[36msourceIp: [0;39m] [[36muserId: [0;39m] [[32mrestartedMain[0;39m] [33mo.h.j.i.u.LogHelper[0;39m::[35m?[0;39m: - HHH000204: Processing PersistenceUnitInfo [name: default]
[37m2023-06-10T17:59:09.287+0530[0;39m [34mINFO [0;39m [[36mtraceId: [0;39m] [[36msourceIp: [0;39m] [[36muserId: [0;39m] [[32mrestartedMain[0;39m] [33mo.hibernate.Version[0;39m::[35m?[0;39m: - HHH000412: Hibernate ORM core version 5.6.15.Final
[37m2023-06-10T17:59:09.572+0530[0;39m [34mINFO [0;39m [[36mtraceId: [0;39m] [[36msourceIp: [0;39m] [[36muserId: [0;39m] [[32mrestartedMain[0;39m] [33mo.h.a.common.Version[0;39m::[35m?[0;39m: - HCANN000001: Hibernate Commons Annotations {5.1.2.Final}
[37m2023-06-10T17:59:09.704+0530[0;39m [39mDEBUG[0;39m [[36mtraceId: [0;39m] [[36msourceIp: [0;39m] [[36muserId: [0;39m] [[32mrestartedMain[0;39m] [33mc.z.h.HikariConfig[0;39m::[35m?[0;39m: - HikariPool-1 - configuration:
[37m2023-06-10T17:59:09.708+0530[0;39m [39mDEBUG[0;39m [[36mtraceId: [0;39m] [[36msourceIp: [0;39m] [[36muserId: [0;39m] [[32mrestartedMain[0;39m] [33mc.z.h.HikariConfig[0;39m::[35m?[0;39m: - allowPoolSuspension................................false
[37m2023-06-10T17:59:09.708+0530[0;39m [39mDEBUG[0;39m [[36mtraceId: [0;39m] [[36msourceIp: [0;39m] [[36muserId: [0;39m] [[32mrestartedMain[0;39m] [33mc.z.h.HikariConfig[0;39m::[35m?[0;39m: - autoCommit................................true
[37m2023-06-10T17:59:09.709+0530[0;39m [39mDEBUG[0;39m [[36mtraceId: [0;39m] [[36msourceIp: [0;39m] [[36muserId: [0;39m] [[32mrestartedMain[0;39m] [33mc.z.h.HikariConfig[0;39m::[35m?[0;39m: - catalog................................none
[37m2023-06-10T17:59:09.710+0530[0;39m [39mDEBUG[0;39m [[36mtraceId: [0;39m] [[36msourceIp: [0;39m] [[36muserId: [0;39m] [[32mrestartedMain[0;39m] [33mc.z.h.HikariConfig[0;39m::[35m?[0;39m: - connectionInitSql................................none
[37m2023-06-10T17:59:09.710+0530[0;39m [39mDEBUG[0;39m [[36mtraceId: [0;39m] [[36msourceIp: [0;39m] [[36muserId: [0;39m] [[32mrestartedMain[0;39m] [33mc.z.h.HikariConfig[0;39m::[35m?[0;39m: - connectionTestQuery................................none
[37m2023-06-10T17:59:09.712+0530[0;39m [39mDEBUG[0;39m [[36mtraceId: [0;39m] [[36msourceIp: [0;39m] [[36muserId: [0;39m] [[32mrestartedMain[0;39m] [33mc.z.h.HikariConfig[0;39m::[35m?[0;39m: - connectionTimeout................................30000
[37m2023-06-10T17:59:09.713+0530[0;39m [39mDEBUG[0;39m [[36mtraceId: [0;39m] [[36msourceIp: [0;39m] [[36muserId: [0;39m] [[32mrestartedMain[0;39m] [33mc.z.h.HikariConfig[0;39m::[35m?[0;39m: - dataSource................................none
[37m2023-06-10T17:59:09.714+0530[0;39m [39mDEBUG[0;39m [[36mtraceId: [0;39m] [[36msourceIp: [0;39m] [[36muserId: [0;39m] [[32mrestartedMain[0;39m] [33mc.z.h.HikariConfig[0;39m::[35m?[0;39m: - dataSourceClassName................................none
[37m2023-06-10T17:59:09.714+0530[0;39m [39mDEBUG[0;39m [[36mtraceId: [0;39m] [[36msourceIp: [0;39m] [[36muserId: [0;39m] [[32mrestartedMain[0;39m] [33mc.z.h.HikariConfig[0;39m::[35m?[0;39m: - dataSourceJNDI................................none
[37m2023-06-10T17:59:09.716+0530[0;39m [39mDEBUG[0;39m [[36mtraceId: [0;39m] [[36msourceIp: [0;39m] [[36muserId: [0;39m] [[32mrestartedMain[0;39m] [33mc.z.h.HikariConfig[0;39m::[35m?[0;39m: - dataSourceProperties................................{password=<masked>}
[37m2023-06-10T17:59:09.716+0530[0;39m [39mDEBUG[0;39m [[36mtraceId: [0;39m] [[36msourceIp: [0;39m] [[36muserId: [0;39m] [[32mrestartedMain[0;39m] [33mc.z.h.HikariConfig[0;39m::[35m?[0;39m: - driverClassName................................"com.mysql.cj.jdbc.Driver"
[37m2023-06-10T17:59:09.716+0530[0;39m [39mDEBUG[0;39m [[36mtraceId: [0;39m] [[36msourceIp: [0;39m] [[36muserId: [0;39m] [[32mrestartedMain[0;39m] [33mc.z.h.HikariConfig[0;39m::[35m?[0;39m: - exceptionOverrideClassName................................none
[37m2023-06-10T17:59:09.716+0530[0;39m [39mDEBUG[0;39m [[36mtraceId: [0;39m] [[36msourceIp: [0;39m] [[36muserId: [0;39m] [[32mrestartedMain[0;39m] [33mc.z.h.HikariConfig[0;39m::[35m?[0;39m: - healthCheckProperties................................{}
[37m2023-06-10T17:59:09.716+0530[0;39m [39mDEBUG[0;39m [[36mtraceId: [0;39m] [[36msourceIp: [0;39m] [[36muserId: [0;39m] [[32mrestartedMain[0;39m] [33mc.z.h.HikariConfig[0;39m::[35m?[0;39m: - healthCheckRegistry................................none
[37m2023-06-10T17:59:09.716+0530[0;39m [39mDEBUG[0;39m [[36mtraceId: [0;39m] [[36msourceIp: [0;39m] [[36muserId: [0;39m] [[32mrestartedMain[0;39m] [33mc.z.h.HikariConfig[0;39m::[35m?[0;39m: - idleTimeout................................600000
[37m2023-06-10T17:59:09.716+0530[0;39m [39mDEBUG[0;39m [[36mtraceId: [0;39m] [[36msourceIp: [0;39m] [[36muserId: [0;39m] [[32mrestartedMain[0;39m] [33mc.z.h.HikariConfig[0;39m::[35m?[0;39m: - initializationFailTimeout................................1
[37m2023-06-10T17:59:09.717+0530[0;39m [39mDEBUG[0;39m [[36mtraceId: [0;39m] [[36msourceIp: [0;39m] [[36muserId: [0;39m] [[32mrestartedMain[0;39m] [33mc.z.h.HikariConfig[0;39m::[35m?[0;39m: - isolateInternalQueries................................false
[37m2023-06-10T17:59:09.717+0530[0;39m [39mDEBUG[0;39m [[36mtraceId: [0;39m] [[36msourceIp: [0;39m] [[36muserId: [0;39m] [[32mrestartedMain[0;39m] [33mc.z.h.HikariConfig[0;39m::[35m?[0;39m: - jdbcUrl................................jdbc:mysql://localhost:3306/electronic_store
[37m2023-06-10T17:59:09.717+0530[0;39m [39mDEBUG[0;39m [[36mtraceId: [0;39m] [[36msourceIp: [0;39m] [[36muserId: [0;39m] [[32mrestartedMain[0;39m] [33mc.z.h.HikariConfig[0;39m::[35m?[0;39m: - keepaliveTime................................0
[37m2023-06-10T17:59:09.717+0530[0;39m [39mDEBUG[0;39m [[36mtraceId: [0;39m] [[36msourceIp: [0;39m] [[36muserId: [0;39m] [[32mrestartedMain[0;39m] [33mc.z.h.HikariConfig[0;39m::[35m?[0;39m: - leakDetectionThreshold................................0
[37m2023-06-10T17:59:09.717+0530[0;39m [39mDEBUG[0;39m [[36mtraceId: [0;39m] [[36msourceIp: [0;39m] [[36muserId: [0;39m] [[32mrestartedMain[0;39m] [33mc.z.h.HikariConfig[0;39m::[35m?[0;39m: - maxLifetime................................1800000
[37m2023-06-10T17:59:09.718+0530[0;39m [39mDEBUG[0;39m [[36mtraceId: [0;39m] [[36msourceIp: [0;39m] [[36muserId: [0;39m] [[32mrestartedMain[0;39m] [33mc.z.h.HikariConfig[0;39m::[35m?[0;39m: - maximumPoolSize................................10
[37m2023-06-10T17:59:09.718+0530[0;39m [39mDEBUG[0;39m [[36mtraceId: [0;39m] [[36msourceIp: [0;39m] [[36muserId: [0;39m] [[32mrestartedMain[0;39m] [33mc.z.h.HikariConfig[0;39m::[35m?[0;39m: - metricRegistry................................none
[37m2023-06-10T17:59:09.718+0530[0;39m [39mDEBUG[0;39m [[36mtraceId: [0;39m] [[36msourceIp: [0;39m] [[36muserId: [0;39m] [[32mrestartedMain[0;39m] [33mc.z.h.HikariConfig[0;39m::[35m?[0;39m: - metricsTrackerFactory................................none
[37m2023-06-10T17:59:09.718+0530[0;39m [39mDEBUG[0;39m [[36mtraceId: [0;39m] [[36msourceIp: [0;39m] [[36muserId: [0;39m] [[32mrestartedMain[0;39m] [33mc.z.h.HikariConfig[0;39m::[35m?[0;39m: - minimumIdle................................10
[37m2023-06-10T17:59:09.718+0530[0;39m [39mDEBUG[0;39m [[36mtraceId: [0;39m] [[36msourceIp: [0;39m] [[36muserId: [0;39m] [[32mrestartedMain[0;39m] [33mc.z.h.HikariConfig[0;39m::[35m?[0;39m: - password................................<masked>
[37m2023-06-10T17:59:09.718+0530[0;39m [39mDEBUG[0;39m [[36mtraceId: [0;39m] [[36msourceIp: [0;39m] [[36muserId: [0;39m] [[32mrestartedMain[0;39m] [33mc.z.h.HikariConfig[0;39m::[35m?[0;39m: - poolName................................"HikariPool-1"
[37m2023-06-10T17:59:09.718+0530[0;39m [39mDEBUG[0;39m [[36mtraceId: [0;39m] [[36msourceIp: [0;39m] [[36muserId: [0;39m] [[32mrestartedMain[0;39m] [33mc.z.h.HikariConfig[0;39m::[35m?[0;39m: - readOnly................................false
[37m2023-06-10T17:59:09.718+0530[0;39m [39mDEBUG[0;39m [[36mtraceId: [0;39m] [[36msourceIp: [0;39m] [[36muserId: [0;39m] [[32mrestartedMain[0;39m] [33mc.z.h.HikariConfig[0;39m::[35m?[0;39m: - registerMbeans................................false
[37m2023-06-10T17:59:09.718+0530[0;39m [39mDEBUG[0;39m [[36mtraceId: [0;39m] [[36msourceIp: [0;39m] [[36muserId: [0;39m] [[32mrestartedMain[0;39m] [33mc.z.h.HikariConfig[0;39m::[35m?[0;39m: - scheduledExecutor................................none
[37m2023-06-10T17:59:09.718+0530[0;39m [39mDEBUG[0;39m [[36mtraceId: [0;39m] [[36msourceIp: [0;39m] [[36muserId: [0;39m] [[32mrestartedMain[0;39m] [33mc.z.h.HikariConfig[0;39m::[35m?[0;39m: - schema................................none
[37m2023-06-10T17:59:09.718+0530[0;39m [39mDEBUG[0;39m [[36mtraceId: [0;39m] [[36msourceIp: [0;39m] [[36muserId: [0;39m] [[32mrestartedMain[0;39m] [33mc.z.h.HikariConfig[0;39m::[35m?[0;39m: - threadFactory................................internal
[37m2023-06-10T17:59:09.718+0530[0;39m [39mDEBUG[0;39m [[36mtraceId: [0;39m] [[36msourceIp: [0;39m] [[36muserId: [0;39m] [[32mrestartedMain[0;39m] [33mc.z.h.HikariConfig[0;39m::[35m?[0;39m: - transactionIsolation................................default
[37m2023-06-10T17:59:09.720+0530[0;39m [39mDEBUG[0;39m [[36mtraceId: [0;39m] [[36msourceIp: [0;39m] [[36muserId: [0;39m] [[32mrestartedMain[0;39m] [33mc.z.h.HikariConfig[0;39m::[35m?[0;39m: - username................................"root"
[37m2023-06-10T17:59:09.721+0530[0;39m [39mDEBUG[0;39m [[36mtraceId: [0;39m] [[36msourceIp: [0;39m] [[36muserId: [0;39m] [[32mrestartedMain[0;39m] [33mc.z.h.HikariConfig[0;39m::[35m?[0;39m: - validationTimeout................................5000
[37m2023-06-10T17:59:09.721+0530[0;39m [34mINFO [0;39m [[36mtraceId: [0;39m] [[36msourceIp: [0;39m] [[36muserId: [0;39m] [[32mrestartedMain[0;39m] [33mc.z.h.HikariDataSource[0;39m::[35m?[0;39m: - HikariPool-1 - Starting...
[37m2023-06-10T17:59:10.192+0530[0;39m [39mDEBUG[0;39m [[36mtraceId: [0;39m] [[36msourceIp: [0;39m] [[36muserId: [0;39m] [[32mrestartedMain[0;39m] [33mc.z.h.p.HikariPool[0;39m::[35m?[0;39m: - HikariPool-1 - Added connection com.mysql.cj.jdbc.ConnectionImpl@4c65cea
[37m2023-06-10T17:59:10.194+0530[0;39m [34mINFO [0;39m [[36mtraceId: [0;39m] [[36msourceIp: [0;39m] [[36muserId: [0;39m] [[32mrestartedMain[0;39m] [33mc.z.h.HikariDataSource[0;39m::[35m?[0;39m: - HikariPool-1 - Start completed.
[37m2023-06-10T17:59:10.217+0530[0;39m [34mINFO [0;39m [[36mtraceId: [0;39m] [[36msourceIp: [0;39m] [[36muserId: [0;39m] [[32mrestartedMain[0;39m] [33mo.h.dialect.Dialect[0;39m::[35m?[0;39m: - HHH000400: Using dialect: org.hibernate.dialect.MySQL8Dialect
[37m2023-06-10T17:59:10.297+0530[0;39m [39mDEBUG[0;39m [[36mtraceId: [0;39m] [[36msourceIp: [0;39m] [[36muserId: [0;39m] [[32mHikariPool-1 housekeeper[0;39m] [33mc.z.h.p.HikariPool[0;39m::[35m?[0;39m: - HikariPool-1 - Pool stats (total=1, active=0, idle=1, waiting=0)
[37m2023-06-10T17:59:10.334+0530[0;39m [39mDEBUG[0;39m [[36mtraceId: [0;39m] [[36msourceIp: [0;39m] [[36muserId: [0;39m] [[32mHikariPool-1 connection adder[0;39m] [33mc.z.h.p.HikariPool[0;39m::[35m?[0;39m: - HikariPool-1 - Added connection com.mysql.cj.jdbc.ConnectionImpl@2365a2b1
[37m2023-06-10T17:59:10.372+0530[0;39m [39mDEBUG[0;39m [[36mtraceId: [0;39m] [[36msourceIp: [0;39m] [[36muserId: [0;39m] [[32mHikariPool-1 connection adder[0;39m] [33mc.z.h.p.HikariPool[0;39m::[35m?[0;39m: - HikariPool-1 - Added connection com.mysql.cj.jdbc.ConnectionImpl@6258a88a
[37m2023-06-10T17:59:10.402+0530[0;39m [39mDEBUG[0;39m [[36mtraceId: [0;39m] [[36msourceIp: [0;39m] [[36muserId: [0;39m] [[32mHikariPool-1 connection adder[0;39m] [33mc.z.h.p.HikariPool[0;39m::[35m?[0;39m: - HikariPool-1 - Added connection com.mysql.cj.jdbc.ConnectionImpl@53f06d7f
[37m2023-06-10T17:59:10.451+0530[0;39m [39mDEBUG[0;39m [[36mtraceId: [0;39m] [[36msourceIp: [0;39m] [[36muserId: [0;39m] [[32mHikariPool-1 connection adder[0;39m] [33mc.z.h.p.HikariPool[0;39m::[35m?[0;39m: - HikariPool-1 - Added connection com.mysql.cj.jdbc.ConnectionImpl@27757c5
[37m2023-06-10T17:59:10.479+0530[0;39m [39mDEBUG[0;39m [[36mtraceId: [0;39m] [[36msourceIp: [0;39m] [[36muserId: [0;39m] [[32mHikariPool-1 connection adder[0;39m] [33mc.z.h.p.HikariPool[0;39m::[35m?[0;39m: - HikariPool-1 - Added connection com.mysql.cj.jdbc.ConnectionImpl@6392903
[37m2023-06-10T17:59:10.507+0530[0;39m [39mDEBUG[0;39m [[36mtraceId: [0;39m] [[36msourceIp: [0;39m] [[36muserId: [0;39m] [[32mHikariPool-1 connection adder[0;39m] [33mc.z.h.p.HikariPool[0;39m::[35m?[0;39m: - HikariPool-1 - Added connection com.mysql.cj.jdbc.ConnectionImpl@e23422f
[37m2023-06-10T17:59:10.531+0530[0;39m [39mDEBUG[0;39m [[36mtraceId: [0;39m] [[36msourceIp: [0;39m] [[36muserId: [0;39m] [[32mHikariPool-1 connection adder[0;39m] [33mc.z.h.p.HikariPool[0;39m::[35m?[0;39m: - HikariPool-1 - Added connection com.mysql.cj.jdbc.ConnectionImpl@3bec9e2b
[37m2023-06-10T17:59:10.557+0530[0;39m [39mDEBUG[0;39m [[36mtraceId: [0;39m] [[36msourceIp: [0;39m] [[36muserId: [0;39m] [[32mHikariPool-1 connection adder[0;39m] [33mc.z.h.p.HikariPool[0;39m::[35m?[0;39m: - HikariPool-1 - Added connection com.mysql.cj.jdbc.ConnectionImpl@6ff086e
[37m2023-06-10T17:59:10.584+0530[0;39m [39mDEBUG[0;39m [[36mtraceId: [0;39m] [[36msourceIp: [0;39m] [[36muserId: [0;39m] [[32mHikariPool-1 connection adder[0;39m] [33mc.z.h.p.HikariPool[0;39m::[35m?[0;39m: - HikariPool-1 - Added connection com.mysql.cj.jdbc.ConnectionImpl@3b09519e
[37m2023-06-10T17:59:10.585+0530[0;39m [39mDEBUG[0;39m [[36mtraceId: [0;39m] [[36msourceIp: [0;39m] [[36muserId: [0;39m] [[32mHikariPool-1 connection adder[0;39m] [33mc.z.h.p.HikariPool[0;39m::[35m?[0;39m: - HikariPool-1 - After adding stats (total=10, active=0, idle=10, waiting=0)
[37m2023-06-10T17:59:11.245+0530[0;39m [34mINFO [0;39m [[36mtraceId: [0;39m] [[36msourceIp: [0;39m] [[36muserId: [0;39m] [[32mrestartedMain[0;39m] [33mo.h.e.t.j.p.i.JtaPlatformInitiator[0;39m::[35m?[0;39m: - HHH000490: Using JtaPlatform implementation: [org.hibernate.engine.transaction.jta.platform.internal.NoJtaPlatform]
[37m2023-06-10T17:59:11.258+0530[0;39m [34mINFO [0;39m [[36mtraceId: [0;39m] [[36msourceIp: [0;39m] [[36muserId: [0;39m] [[32mrestartedMain[0;39m] [33mo.s.o.j.LocalContainerEntityManagerFactoryBean[0;39m::[35m?[0;39m: - Initialized JPA EntityManagerFactory for persistence unit 'default'
[37m2023-06-10T17:59:12.014+0530[0;39m [31mWARN [0;39m [[36mtraceId: [0;39m] [[36msourceIp: [0;39m] [[36muserId: [0;39m] [[32mrestartedMain[0;39m] [33mo.s.b.a.o.j.JpaBaseConfiguration$JpaWebConfiguration[0;39m::[35m?[0;39m: - spring.jpa.open-in-view is enabled by default. Therefore, database queries may be performed during view rendering. Explicitly configure spring.jpa.open-in-view to disable this warning
[37m2023-06-10T17:59:12.809+0530[0;39m [34mINFO [0;39m [[36mtraceId: [0;39m] [[36msourceIp: [0;39m] [[36muserId: [0;39m] [[32mrestartedMain[0;39m] [33mo.s.b.d.a.OptionalLiveReloadServer[0;39m::[35m?[0;39m: - LiveReload server is running on port 35729
[37m2023-06-10T17:59:12.827+0530[0;39m [34mINFO [0;39m [[36mtraceId: [0;39m] [[36msourceIp: [0;39m] [[36muserId: [0;39m] [[32mrestartedMain[0;39m] [33mo.a.c.h.Http11NioProtocol[0;39m::[35m?[0;39m: - Starting ProtocolHandler ["http-nio-9823"]
[37m2023-06-10T17:59:12.859+0530[0;39m [34mINFO [0;39m [[36mtraceId: [0;39m] [[36msourceIp: [0;39m] [[36muserId: [0;39m] [[32mrestartedMain[0;39m] [33mo.s.b.w.e.t.TomcatWebServer[0;39m::[35m?[0;39m: - Tomcat started on port(s): 9823 (http) with context path ''
[37m2023-06-10T17:59:12.880+0530[0;39m [34mINFO [0;39m [[36mtraceId: [0;39m] [[36msourceIp: [0;39m] [[36muserId: [0;39m] [[32mrestartedMain[0;39m] [33mc.b.E.ElectronicStoreApplication[0;39m::[35m?[0;39m: - Started ElectronicStoreApplication in 7.188 seconds (JVM running for 8.035)
[37m2023-06-10T17:59:40.303+0530[0;39m [39mDEBUG[0;39m [[36mtraceId: [0;39m] [[36msourceIp: [0;39m] [[36muserId: [0;39m] [[32mHikariPool-1 housekeeper[0;39m] [33mc.z.h.p.HikariPool[0;39m::[35m?[0;39m: - HikariPool-1 - Pool stats (total=10, active=0, idle=10, waiting=0)
[37m2023-06-10T17:59:40.304+0530[0;39m [39mDEBUG[0;39m [[36mtraceId: [0;39m] [[36msourceIp: [0;39m] [[36muserId: [0;39m] [[32mHikariPool-1 housekeeper[0;39m] [33mc.z.h.p.HikariPool[0;39m::[35m?[0;39m: - HikariPool-1 - Fill pool skipped, pool is at sufficient level.
[37m2023-06-10T18:00:10.317+0530[0;39m [39mDEBUG[0;39m [[36mtraceId: [0;39m] [[36msourceIp: [0;39m] [[36muserId: [0;39m] [[32mHikariPool-1 housekeeper[0;39m] [33mc.z.h.p.HikariPool[0;39m::[35m?[0;39m: - HikariPool-1 - Pool stats (total=10, active=0, idle=10, waiting=0)
[37m2023-06-10T18:00:10.317+0530[0;39m [39mDEBUG[0;39m [[36mtraceId: [0;39m] [[36msourceIp: [0;39m] [[36muserId: [0;39m] [[32mHikariPool-1 housekeeper[0;39m] [33mc.z.h.p.HikariPool[0;39m::[35m?[0;39m: - HikariPool-1 - Fill pool skipped, pool is at sufficient level.
[37m2023-06-10T18:00:34.113+0530[0;39m [34mINFO [0;39m [[36mtraceId: [0;39m] [[36msourceIp: [0;39m] [[36muserId: [0;39m] [[32mSpringApplicationShutdownHook[0;39m] [33mo.s.o.j.LocalContainerEntityManagerFactoryBean[0;39m::[35m?[0;39m: - Closing JPA EntityManagerFactory for persistence unit 'default'
[37m2023-06-10T18:00:34.116+0530[0;39m [34mINFO [0;39m [[36mtraceId: [0;39m] [[36msourceIp: [0;39m] [[36muserId: [0;39m] [[32mSpringApplicationShutdownHook[0;39m] [33mc.z.h.HikariDataSource[0;39m::[35m?[0;39m: - HikariPool-1 - Shutdown initiated...
[37m2023-06-10T18:00:34.116+0530[0;39m [39mDEBUG[0;39m [[36mtraceId: [0;39m] [[36msourceIp: [0;39m] [[36muserId: [0;39m] [[32mSpringApplicationShutdownHook[0;39m] [33mc.z.h.p.HikariPool[0;39m::[35m?[0;39m: - HikariPool-1 - Before shutdown stats (total=10, active=0, idle=10, waiting=0)
[37m2023-06-10T18:00:34.118+0530[0;39m [39mDEBUG[0;39m [[36mtraceId: [0;39m] [[36msourceIp: [0;39m] [[36muserId: [0;39m] [[32mHikariPool-1 connection closer[0;39m] [33mc.z.h.pool.PoolBase[0;39m::[35m?[0;39m: - HikariPool-1 - Closing connection com.mysql.cj.jdbc.ConnectionImpl@4c65cea: (connection evicted)
[37m2023-06-10T18:00:34.122+0530[0;39m [39mDEBUG[0;39m [[36mtraceId: [0;39m] [[36msourceIp: [0;39m] [[36muserId: [0;39m] [[32mHikariPool-1 connection closer[0;39m] [33mc.z.h.pool.PoolBase[0;39m::[35m?[0;39m: - HikariPool-1 - Closing connection com.mysql.cj.jdbc.ConnectionImpl@2365a2b1: (connection evicted)
[37m2023-06-10T18:00:34.123+0530[0;39m [39mDEBUG[0;39m [[36mtraceId: [0;39m] [[36msourceIp: [0;39m] [[36muserId: [0;39m] [[32mHikariPool-1 connection closer[0;39m] [33mc.z.h.pool.PoolBase[0;39m::[35m?[0;39m: - HikariPool-1 - Closing connection com.mysql.cj.jdbc.ConnectionImpl@6258a88a: (connection evicted)
[37m2023-06-10T18:00:34.124+0530[0;39m [39mDEBUG[0;39m [[36mtraceId: [0;39m] [[36msourceIp: [0;39m] [[36muserId: [0;39m] [[32mHikariPool-1 connection closer[0;39m] [33mc.z.h.pool.PoolBase[0;39m::[35m?[0;39m: - HikariPool-1 - Closing connection com.mysql.cj.jdbc.ConnectionImpl@53f06d7f: (connection evicted)
[37m2023-06-10T18:00:34.125+0530[0;39m [39mDEBUG[0;39m [[36mtraceId: [0;39m] [[36msourceIp: [0;39m] [[36muserId: [0;39m] [[32mHikariPool-1 connection closer[0;39m] [33mc.z.h.pool.PoolBase[0;39m::[35m?[0;39m: - HikariPool-1 - Closing connection com.mysql.cj.jdbc.ConnectionImpl@27757c5: (connection evicted)
[37m2023-06-10T18:00:34.125+0530[0;39m [39mDEBUG[0;39m [[36mtraceId: [0;39m] [[36msourceIp: [0;39m] [[36muserId: [0;39m] [[32mHikariPool-1 connection closer[0;39m] [33mc.z.h.pool.PoolBase[0;39m::[35m?[0;39m: - HikariPool-1 - Closing connection com.mysql.cj.jdbc.ConnectionImpl@6392903: (connection evicted)
[37m2023-06-10T18:00:34.127+0530[0;39m [39mDEBUG[0;39m [[36mtraceId: [0;39m] [[36msourceIp: [0;39m] [[36muserId: [0;39m] [[32mHikariPool-1 connection closer[0;39m] [33mc.z.h.pool.PoolBase[0;39m::[35m?[0;39m: - HikariPool-1 - Closing connection com.mysql.cj.jdbc.ConnectionImpl@e23422f: (connection evicted)
[37m2023-06-10T18:00:34.128+0530[0;39m [39mDEBUG[0;39m [[36mtraceId: [0;39m] [[36msourceIp: [0;39m] [[36muserId: [0;39m] [[32mHikariPool-1 connection closer[0;39m] [33mc.z.h.pool.PoolBase[0;39m::[35m?[0;39m: - HikariPool-1 - Closing connection com.mysql.cj.jdbc.ConnectionImpl@3bec9e2b: (connection evicted)
[37m2023-06-10T18:00:34.128+0530[0;39m [39mDEBUG[0;39m [[36mtraceId: [0;39m] [[36msourceIp: [0;39m] [[36muserId: [0;39m] [[32mHikariPool-1 connection closer[0;39m] [33mc.z.h.pool.PoolBase[0;39m::[35m?[0;39m: - HikariPool-1 - Closing connection com.mysql.cj.jdbc.ConnectionImpl@6ff086e: (connection evicted)
[37m2023-06-10T18:00:34.128+0530[0;39m [39mDEBUG[0;39m [[36mtraceId: [0;39m] [[36msourceIp: [0;39m] [[36muserId: [0;39m] [[32mHikariPool-1 connection closer[0;39m] [33mc.z.h.pool.PoolBase[0;39m::[35m?[0;39m: - HikariPool-1 - Closing connection com.mysql.cj.jdbc.ConnectionImpl@3b09519e: (connection evicted)
[37m2023-06-10T18:00:34.129+0530[0;39m [39mDEBUG[0;39m [[36mtraceId: [0;39m] [[36msourceIp: [0;39m] [[36muserId: [0;39m] [[32mSpringApplicationShutdownHook[0;39m] [33mc.z.h.p.HikariPool[0;39m::[35m?[0;39m: - HikariPool-1 - After shutdown stats (total=0, active=0, idle=0, waiting=0)
[37m2023-06-10T18:00:34.129+0530[0;39m [34mINFO [0;39m [[36mtraceId: [0;39m] [[36msourceIp: [0;39m] [[36muserId: [0;39m] [[32mSpringApplicationShutdownHook[0;39m] [33mc.z.h.HikariDataSource[0;39m::[35m?[0;39m: - HikariPool-1 - Shutdown completed.
[37m2023-06-10T18:21:25.485+0530[0;39m [34mINFO [0;39m [[36mtraceId: [0;39m] [[36msourceIp: [0;39m] [[36muserId: [0;39m] [[32mbackground-preinit[0;39m] [33mo.h.v.i.util.Version[0;39m::[35m?[0;39m: - HV000001: Hibernate Validator 6.2.5.Final
[37m2023-06-10T18:21:25.489+0530[0;39m [34mINFO [0;39m [[36mtraceId: [0;39m] [[36msourceIp: [0;39m] [[36muserId: [0;39m] [[32mrestartedMain[0;39m] [33mc.b.E.ElectronicStoreApplication[0;39m::[35m?[0;39m: - Starting ElectronicStoreApplication using Java 18.0.2.1 on LAPTOP-FF11HISS with PID 11192 (D:\Manish\Project Intellij\Electronic Store\ElectronicStore\ElectronicStore\target\classes started by manis in D:\Manish\Project Intellij\Electronic Store\ElectronicStore\ElectronicStore)
[37m2023-06-10T18:21:25.489+0530[0;39m [39mDEBUG[0;39m [[36mtraceId: [0;39m] [[36msourceIp: [0;39m] [[36muserId: [0;39m] [[32mrestartedMain[0;39m] [33mc.b.E.ElectronicStoreApplication[0;39m::[35m?[0;39m: - Running with Spring Boot v2.7.12, Spring v5.3.27
[37m2023-06-10T18:21:25.490+0530[0;39m [34mINFO [0;39m [[36mtraceId: [0;39m] [[36msourceIp: [0;39m] [[36muserId: [0;39m] [[32mrestartedMain[0;39m] [33mc.b.E.ElectronicStoreApplication[0;39m::[35m?[0;39m: - No active profile set, falling back to 1 default profile: "default"
[37m2023-06-10T18:21:25.580+0530[0;39m [34mINFO [0;39m [[36mtraceId: [0;39m] [[36msourceIp: [0;39m] [[36muserId: [0;39m] [[32mrestartedMain[0;39m] [33mo.s.b.d.e.DevToolsPropertyDefaultsPostProcessor[0;39m::[35m?[0;39m: - Devtools property defaults active! Set 'spring.devtools.add-properties' to 'false' to disable
[37m2023-06-10T18:21:25.580+0530[0;39m [34mINFO [0;39m [[36mtraceId: [0;39m] [[36msourceIp: [0;39m] [[36muserId: [0;39m] [[32mrestartedMain[0;39m] [33mo.s.b.d.e.DevToolsPropertyDefaultsPostProcessor[0;39m::[35m?[0;39m: - For additional web related logging consider setting the 'logging.level.web' property to 'DEBUG'
[37m2023-06-10T18:21:26.657+0530[0;39m [34mINFO [0;39m [[36mtraceId: [0;39m] [[36msourceIp: [0;39m] [[36muserId: [0;39m] [[32mrestartedMain[0;39m] [33mo.s.d.r.c.RepositoryConfigurationDelegate[0;39m::[35m?[0;39m: - Bootstrapping Spring Data JPA repositories in DEFAULT mode.
[37m2023-06-10T18:21:26.727+0530[0;39m [34mINFO [0;39m [[36mtraceId: [0;39m] [[36msourceIp: [0;39m] [[36muserId: [0;39m] [[32mrestartedMain[0;39m] [33mo.s.d.r.c.RepositoryConfigurationDelegate[0;39m::[35m?[0;39m: - Finished Spring Data repository scanning in 56 ms. Found 1 JPA repository interfaces.
[37m2023-06-10T18:21:27.575+0530[0;39m [34mINFO [0;39m [[36mtraceId: [0;39m] [[36msourceIp: [0;39m] [[36muserId: [0;39m] [[32mrestartedMain[0;39m] [33mo.s.b.w.e.t.TomcatWebServer[0;39m::[35m?[0;39m: - Tomcat initialized with port(s): 9823 (http)
[37m2023-06-10T18:21:27.593+0530[0;39m [34mINFO [0;39m [[36mtraceId: [0;39m] [[36msourceIp: [0;39m] [[36muserId: [0;39m] [[32mrestartedMain[0;39m] [33mo.a.c.h.Http11NioProtocol[0;39m::[35m?[0;39m: - Initializing ProtocolHandler ["http-nio-9823"]
[37m2023-06-10T18:21:27.593+0530[0;39m [34mINFO [0;39m [[36mtraceId: [0;39m] [[36msourceIp: [0;39m] [[36muserId: [0;39m] [[32mrestartedMain[0;39m] [33mo.a.c.c.StandardService[0;39m::[35m?[0;39m: - Starting service [Tomcat]
[37m2023-06-10T18:21:27.593+0530[0;39m [34mINFO [0;39m [[36mtraceId: [0;39m] [[36msourceIp: [0;39m] [[36muserId: [0;39m] [[32mrestartedMain[0;39m] [33mo.a.c.c.StandardEngine[0;39m::[35m?[0;39m: - Starting Servlet engine: [Apache Tomcat/9.0.75]
[37m2023-06-10T18:21:27.734+0530[0;39m [34mINFO [0;39m [[36mtraceId: [0;39m] [[36msourceIp: [0;39m] [[36muserId: [0;39m] [[32mrestartedMain[0;39m] [33mo.a.c.c.C.[.[.[/][0;39m::[35m?[0;39m: - Initializing Spring embedded WebApplicationContext
[37m2023-06-10T18:21:27.734+0530[0;39m [34mINFO [0;39m [[36mtraceId: [0;39m] [[36msourceIp: [0;39m] [[36muserId: [0;39m] [[32mrestartedMain[0;39m] [33mo.s.b.w.s.c.ServletWebServerApplicationContext[0;39m::[35m?[0;39m: - Root WebApplicationContext: initialization completed in 2153 ms
[37m2023-06-10T18:21:27.892+0530[0;39m [39mDEBUG[0;39m [[36mtraceId: [0;39m] [[36msourceIp: [0;39m] [[36muserId: [0;39m] [[32mrestartedMain[0;39m] [33mc.z.h.HikariConfig[0;39m::[35m?[0;39m: - Driver class com.mysql.cj.jdbc.Driver found in Thread context class loader org.springframework.boot.devtools.restart.classloader.RestartClassLoader@11488d3b
[37m2023-06-10T18:21:28.207+0530[0;39m [34mINFO [0;39m [[36mtraceId: [0;39m] [[36msourceIp: [0;39m] [[36muserId: [0;39m] [[32mrestartedMain[0;39m] [33mo.h.j.i.u.LogHelper[0;39m::[35m?[0;39m: - HHH000204: Processing PersistenceUnitInfo [name: default]
[37m2023-06-10T18:21:28.315+0530[0;39m [34mINFO [0;39m [[36mtraceId: [0;39m] [[36msourceIp: [0;39m] [[36muserId: [0;39m] [[32mrestartedMain[0;39m] [33mo.hibernate.Version[0;39m::[35m?[0;39m: - HHH000412: Hibernate ORM core version 5.6.15.Final
[37m2023-06-10T18:21:28.588+0530[0;39m [34mINFO [0;39m [[36mtraceId: [0;39m] [[36msourceIp: [0;39m] [[36muserId: [0;39m] [[32mrestartedMain[0;39m] [33mo.h.a.common.Version[0;39m::[35m?[0;39m: - HCANN000001: Hibernate Commons Annotations {5.1.2.Final}
[37m2023-06-10T18:21:28.711+0530[0;39m [39mDEBUG[0;39m [[36mtraceId: [0;39m] [[36msourceIp: [0;39m] [[36muserId: [0;39m] [[32mrestartedMain[0;39m] [33mc.z.h.HikariConfig[0;39m::[35m?[0;39m: - HikariPool-1 - configuration:
[37m2023-06-10T18:21:28.714+0530[0;39m [39mDEBUG[0;39m [[36mtraceId: [0;39m] [[36msourceIp: [0;39m] [[36muserId: [0;39m] [[32mrestartedMain[0;39m] [33mc.z.h.HikariConfig[0;39m::[35m?[0;39m: - allowPoolSuspension................................false
[37m2023-06-10T18:21:28.714+0530[0;39m [39mDEBUG[0;39m [[36mtraceId: [0;39m] [[36msourceIp: [0;39m] [[36muserId: [0;39m] [[32mrestartedMain[0;39m] [33mc.z.h.HikariConfig[0;39m::[35m?[0;39m: - autoCommit................................true
[37m2023-06-10T18:21:28.714+0530[0;39m [39mDEBUG[0;39m [[36mtraceId: [0;39m] [[36msourceIp: [0;39m] [[36muserId: [0;39m] [[32mrestartedMain[0;39m] [33mc.z.h.HikariConfig[0;39m::[35m?[0;39m: - catalog................................none
[37m2023-06-10T18:21:28.714+0530[0;39m [39mDEBUG[0;39m [[36mtraceId: [0;39m] [[36msourceIp: [0;39m] [[36muserId: [0;39m] [[32mrestartedMain[0;39m] [33mc.z.h.HikariConfig[0;39m::[35m?[0;39m: - connectionInitSql................................none
[37m2023-06-10T18:21:28.715+0530[0;39m [39mDEBUG[0;39m [[36mtraceId: [0;39m] [[36msourceIp: [0;39m] [[36muserId: [0;39m] [[32mrestartedMain[0;39m] [33mc.z.h.HikariConfig[0;39m::[35m?[0;39m: - connectionTestQuery................................none
[37m2023-06-10T18:21:28.717+0530[0;39m [39mDEBUG[0;39m [[36mtraceId: [0;39m] [[36msourceIp: [0;39m] [[36muserId: [0;39m] [[32mrestartedMain[0;39m] [33mc.z.h.HikariConfig[0;39m::[35m?[0;39m: - connectionTimeout................................30000
[37m2023-06-10T18:21:28.717+0530[0;39m [39mDEBUG[0;39m [[36mtraceId: [0;39m] [[36msourceIp: [0;39m] [[36muserId: [0;39m] [[32mrestartedMain[0;39m] [33mc.z.h.HikariConfig[0;39m::[35m?[0;39m: - dataSource................................none
[37m2023-06-10T18:21:28.717+0530[0;39m [39mDEBUG[0;39m [[36mtraceId: [0;39m] [[36msourceIp: [0;39m] [[36muserId: [0;39m] [[32mrestartedMain[0;39m] [33mc.z.h.HikariConfig[0;39m::[35m?[0;39m: - dataSourceClassName................................none
[37m2023-06-10T18:21:28.717+0530[0;39m [39mDEBUG[0;39m [[36mtraceId: [0;39m] [[36msourceIp: [0;39m] [[36muserId: [0;39m] [[32mrestartedMain[0;39m] [33mc.z.h.HikariConfig[0;39m::[35m?[0;39m: - dataSourceJNDI................................none
[37m2023-06-10T18:21:28.718+0530[0;39m [39mDEBUG[0;39m [[36mtraceId: [0;39m] [[36msourceIp: [0;39m] [[36muserId: [0;39m] [[32mrestartedMain[0;39m] [33mc.z.h.HikariConfig[0;39m::[35m?[0;39m: - dataSourceProperties................................{password=<masked>}
[37m2023-06-10T18:21:28.718+0530[0;39m [39mDEBUG[0;39m [[36mtraceId: [0;39m] [[36msourceIp: [0;39m] [[36muserId: [0;39m] [[32mrestartedMain[0;39m] [33mc.z.h.HikariConfig[0;39m::[35m?[0;39m: - driverClassName................................"com.mysql.cj.jdbc.Driver"
[37m2023-06-10T18:21:28.720+0530[0;39m [39mDEBUG[0;39m [[36mtraceId: [0;39m] [[36msourceIp: [0;39m] [[36muserId: [0;39m] [[32mrestartedMain[0;39m] [33mc.z.h.HikariConfig[0;39m::[35m?[0;39m: - exceptionOverrideClassName................................none
[37m2023-06-10T18:21:28.720+0530[0;39m [39mDEBUG[0;39m [[36mtraceId: [0;39m] [[36msourceIp: [0;39m] [[36muserId: [0;39m] [[32mrestartedMain[0;39m] [33mc.z.h.HikariConfig[0;39m::[35m?[0;39m: - healthCheckProperties................................{}
[37m2023-06-10T18:21:28.720+0530[0;39m [39mDEBUG[0;39m [[36mtraceId: [0;39m] [[36msourceIp: [0;39m] [[36muserId: [0;39m] [[32mrestartedMain[0;39m] [33mc.z.h.HikariConfig[0;39m::[35m?[0;39m: - healthCheckRegistry................................none
[37m2023-06-10T18:21:28.721+0530[0;39m [39mDEBUG[0;39m [[36mtraceId: [0;39m] [[36msourceIp: [0;39m] [[36muserId: [0;39m] [[32mrestartedMain[0;39m] [33mc.z.h.HikariConfig[0;39m::[35m?[0;39m: - idleTimeout................................600000
[37m2023-06-10T18:21:28.721+0530[0;39m [39mDEBUG[0;39m [[36mtraceId: [0;39m] [[36msourceIp: [0;39m] [[36muserId: [0;39m] [[32mrestartedMain[0;39m] [33mc.z.h.HikariConfig[0;39m::[35m?[0;39m: - initializationFailTimeout................................1
[37m2023-06-10T18:21:28.721+0530[0;39m [39mDEBUG[0;39m [[36mtraceId: [0;39m] [[36msourceIp: [0;39m] [[36muserId: [0;39m] [[32mrestartedMain[0;39m] [33mc.z.h.HikariConfig[0;39m::[35m?[0;39m: - isolateInternalQueries................................false
[37m2023-06-10T18:21:28.721+0530[0;39m [39mDEBUG[0;39m [[36mtraceId: [0;39m] [[36msourceIp: [0;39m] [[36muserId: [0;39m] [[32mrestartedMain[0;39m] [33mc.z.h.HikariConfig[0;39m::[35m?[0;39m: - jdbcUrl................................jdbc:mysql://localhost:3306/electronic_store
[37m2023-06-10T18:21:28.721+0530[0;39m [39mDEBUG[0;39m [[36mtraceId: [0;39m] [[36msourceIp: [0;39m] [[36muserId: [0;39m] [[32mrestartedMain[0;39m] [33mc.z.h.HikariConfig[0;39m::[35m?[0;39m: - keepaliveTime................................0
[37m2023-06-10T18:21:28.721+0530[0;39m [39mDEBUG[0;39m [[36mtraceId: [0;39m] [[36msourceIp: [0;39m] [[36muserId: [0;39m] [[32mrestartedMain[0;39m] [33mc.z.h.HikariConfig[0;39m::[35m?[0;39m: - leakDetectionThreshold................................0
[37m2023-06-10T18:21:28.721+0530[0;39m [39mDEBUG[0;39m [[36mtraceId: [0;39m] [[36msourceIp: [0;39m] [[36muserId: [0;39m] [[32mrestartedMain[0;39m] [33mc.z.h.HikariConfig[0;39m::[35m?[0;39m: - maxLifetime................................1800000
[37m2023-06-10T18:21:28.721+0530[0;39m [39mDEBUG[0;39m [[36mtraceId: [0;39m] [[36msourceIp: [0;39m] [[36muserId: [0;39m] [[32mrestartedMain[0;39m] [33mc.z.h.HikariConfig[0;39m::[35m?[0;39m: - maximumPoolSize................................10
[37m2023-06-10T18:21:28.721+0530[0;39m [39mDEBUG[0;39m [[36mtraceId: [0;39m] [[36msourceIp: [0;39m] [[36muserId: [0;39m] [[32mrestartedMain[0;39m] [33mc.z.h.HikariConfig[0;39m::[35m?[0;39m: - metricRegistry................................none
[37m2023-06-10T18:21:28.721+0530[0;39m [39mDEBUG[0;39m [[36mtraceId: [0;39m] [[36msourceIp: [0;39m] [[36muserId: [0;39m] [[32mrestartedMain[0;39m] [33mc.z.h.HikariConfig[0;39m::[35m?[0;39m: - metricsTrackerFactory................................none
[37m2023-06-10T18:21:28.722+0530[0;39m [39mDEBUG[0;39m [[36mtraceId: [0;39m] [[36msourceIp: [0;39m] [[36muserId: [0;39m] [[32mrestartedMain[0;39m] [33mc.z.h.HikariConfig[0;39m::[35m?[0;39m: - minimumIdle................................10
[37m2023-06-10T18:21:28.722+0530[0;39m [39mDEBUG[0;39m [[36mtraceId: [0;39m] [[36msourceIp: [0;39m] [[36muserId: [0;39m] [[32mrestartedMain[0;39m] [33mc.z.h.HikariConfig[0;39m::[35m?[0;39m: - password................................<masked>
[37m2023-06-10T18:21:28.722+0530[0;39m [39mDEBUG[0;39m [[36mtraceId: [0;39m] [[36msourceIp: [0;39m] [[36muserId: [0;39m] [[32mrestartedMain[0;39m] [33mc.z.h.HikariConfig[0;39m::[35m?[0;39m: - poolName................................"HikariPool-1"
[37m2023-06-10T18:21:28.722+0530[0;39m [39mDEBUG[0;39m [[36mtraceId: [0;39m] [[36msourceIp: [0;39m] [[36muserId: [0;39m] [[32mrestartedMain[0;39m] [33mc.z.h.HikariConfig[0;39m::[35m?[0;39m: - readOnly................................false
[37m2023-06-10T18:21:28.722+0530[0;39m [39mDEBUG[0;39m [[36mtraceId: [0;39m] [[36msourceIp: [0;39m] [[36muserId: [0;39m] [[32mrestartedMain[0;39m] [33mc.z.h.HikariConfig[0;39m::[35m?[0;39m: - registerMbeans................................false
[37m2023-06-10T18:21:28.722+0530[0;39m [39mDEBUG[0;39m [[36mtraceId: [0;39m] [[36msourceIp: [0;39m] [[36muserId: [0;39m] [[32mrestartedMain[0;39m] [33mc.z.h.HikariConfig[0;39m::[35m?[0;39m: - scheduledExecutor................................none
[37m2023-06-10T18:21:28.722+0530[0;39m [39mDEBUG[0;39m [[36mtraceId: [0;39m] [[36msourceIp: [0;39m] [[36muserId: [0;39m] [[32mrestartedMain[0;39m] [33mc.z.h.HikariConfig[0;39m::[35m?[0;39m: - schema................................none
[37m2023-06-10T18:21:28.722+0530[0;39m [39mDEBUG[0;39m [[36mtraceId: [0;39m] [[36msourceIp: [0;39m] [[36muserId: [0;39m] [[32mrestartedMain[0;39m] [33mc.z.h.HikariConfig[0;39m::[35m?[0;39m: - threadFactory................................internal
[37m2023-06-10T18:21:28.722+0530[0;39m [39mDEBUG[0;39m [[36mtraceId: [0;39m] [[36msourceIp: [0;39m] [[36muserId: [0;39m] [[32mrestartedMain[0;39m] [33mc.z.h.HikariConfig[0;39m::[35m?[0;39m: - transactionIsolation................................default
[37m2023-06-10T18:21:28.722+0530[0;39m [39mDEBUG[0;39m [[36mtraceId: [0;39m] [[36msourceIp: [0;39m] [[36muserId: [0;39m] [[32mrestartedMain[0;39m] [33mc.z.h.HikariConfig[0;39m::[35m?[0;39m: - username................................"root"
[37m2023-06-10T18:21:28.722+0530[0;39m [39mDEBUG[0;39m [[36mtraceId: [0;39m] [[36msourceIp: [0;39m] [[36muserId: [0;39m] [[32mrestartedMain[0;39m] [33mc.z.h.HikariConfig[0;39m::[35m?[0;39m: - validationTimeout................................5000
[37m2023-06-10T18:21:28.722+0530[0;39m [34mINFO [0;39m [[36mtraceId: [0;39m] [[36msourceIp: [0;39m] [[36muserId: [0;39m] [[32mrestartedMain[0;39m] [33mc.z.h.HikariDataSource[0;39m::[35m?[0;39m: - HikariPool-1 - Starting...
[37m2023-06-10T18:21:29.150+0530[0;39m [39mDEBUG[0;39m [[36mtraceId: [0;39m] [[36msourceIp: [0;39m] [[36muserId: [0;39m] [[32mrestartedMain[0;39m] [33mc.z.h.p.HikariPool[0;39m::[35m?[0;39m: - HikariPool-1 - Added connection com.mysql.cj.jdbc.ConnectionImpl@414d25a0
[37m2023-06-10T18:21:29.152+0530[0;39m [34mINFO [0;39m [[36mtraceId: [0;39m] [[36msourceIp: [0;39m] [[36muserId: [0;39m] [[32mrestartedMain[0;39m] [33mc.z.h.HikariDataSource[0;39m::[35m?[0;39m: - HikariPool-1 - Start completed.
[37m2023-06-10T18:21:29.169+0530[0;39m [34mINFO [0;39m [[36mtraceId: [0;39m] [[36msourceIp: [0;39m] [[36muserId: [0;39m] [[32mrestartedMain[0;39m] [33mo.h.dialect.Dialect[0;39m::[35m?[0;39m: - HHH000400: Using dialect: org.hibernate.dialect.MySQL8Dialect
[37m2023-06-10T18:21:29.260+0530[0;39m [39mDEBUG[0;39m [[36mtraceId: [0;39m] [[36msourceIp: [0;39m] [[36muserId: [0;39m] [[32mHikariPool-1 housekeeper[0;39m] [33mc.z.h.p.HikariPool[0;39m::[35m?[0;39m: - HikariPool-1 - Pool stats (total=1, active=0, idle=1, waiting=0)
[37m2023-06-10T18:21:29.285+0530[0;39m [39mDEBUG[0;39m [[36mtraceId: [0;39m] [[36msourceIp: [0;39m] [[36muserId: [0;39m] [[32mHikariPool-1 connection adder[0;39m] [33mc.z.h.p.HikariPool[0;39m::[35m?[0;39m: - HikariPool-1 - Added connection com.mysql.cj.jdbc.ConnectionImpl@61fc82d
[37m2023-06-10T18:21:29.308+0530[0;39m [39mDEBUG[0;39m [[36mtraceId: [0;39m] [[36msourceIp: [0;39m] [[36muserId: [0;39m] [[32mHikariPool-1 connection adder[0;39m] [33mc.z.h.p.HikariPool[0;39m::[35m?[0;39m: - HikariPool-1 - Added connection com.mysql.cj.jdbc.ConnectionImpl@4722c216
[37m2023-06-10T18:21:29.334+0530[0;39m [39mDEBUG[0;39m [[36mtraceId: [0;39m] [[36msourceIp: [0;39m] [[36muserId: [0;39m] [[32mHikariPool-1 connection adder[0;39m] [33mc.z.h.p.HikariPool[0;39m::[35m?[0;39m: - HikariPool-1 - Added connection com.mysql.cj.jdbc.ConnectionImpl@762fc0ff
[37m2023-06-10T18:21:29.369+0530[0;39m [39mDEBUG[0;39m [[36mtraceId: [0;39m] [[36msourceIp: [0;39m] [[36muserId: [0;39m] [[32mHikariPool-1 connection adder[0;39m] [33mc.z.h.p.HikariPool[0;39m::[35m?[0;39m: - HikariPool-1 - Added connection com.mysql.cj.jdbc.ConnectionImpl@270d3d59
[37m2023-06-10T18:21:29.417+0530[0;39m [39mDEBUG[0;39m [[36mtraceId: [0;39m] [[36msourceIp: [0;39m] [[36muserId: [0;39m] [[32mHikariPool-1 connection adder[0;39m] [33mc.z.h.p.HikariPool[0;39m::[35m?[0;39m: - HikariPool-1 - Added connection com.mysql.cj.jdbc.ConnectionImpl@2343e6fd
[37m2023-06-10T18:21:29.448+0530[0;39m [39mDEBUG[0;39m [[36mtraceId: [0;39m] [[36msourceIp: [0;39m] [[36muserId: [0;39m] [[32mHikariPool-1 connection adder[0;39m] [33mc.z.h.p.HikariPool[0;39m::[35m?[0;39m: - HikariPool-1 - Added connection com.mysql.cj.jdbc.ConnectionImpl@2b0d2e4e
[37m2023-06-10T18:21:29.471+0530[0;39m [39mDEBUG[0;39m [[36mtraceId: [0;39m] [[36msourceIp: [0;39m] [[36muserId: [0;39m] [[32mHikariPool-1 connection adder[0;39m] [33mc.z.h.p.HikariPool[0;39m::[35m?[0;39m: - HikariPool-1 - Added connection com.mysql.cj.jdbc.ConnectionImpl@2dda6f1b
[37m2023-06-10T18:21:29.492+0530[0;39m [39mDEBUG[0;39m [[36mtraceId: [0;39m] [[36msourceIp: [0;39m] [[36muserId: [0;39m] [[32mHikariPool-1 connection adder[0;39m] [33mc.z.h.p.HikariPool[0;39m::[35m?[0;39m: - HikariPool-1 - Added connection com.mysql.cj.jdbc.ConnectionImpl@23ad5eae
[37m2023-06-10T18:21:29.519+0530[0;39m [39mDEBUG[0;39m [[36mtraceId: [0;39m] [[36msourceIp: [0;39m] [[36muserId: [0;39m] [[32mHikariPool-1 connection adder[0;39m] [33mc.z.h.p.HikariPool[0;39m::[35m?[0;39m: - HikariPool-1 - Added connection com.mysql.cj.jdbc.ConnectionImpl@5c5cb02a
[37m2023-06-10T18:21:29.519+0530[0;39m [39mDEBUG[0;39m [[36mtraceId: [0;39m] [[36msourceIp: [0;39m] [[36muserId: [0;39m] [[32mHikariPool-1 connection adder[0;39m] [33mc.z.h.p.HikariPool[0;39m::[35m?[0;39m: - HikariPool-1 - After adding stats (total=10, active=0, idle=10, waiting=0)
[37m2023-06-10T18:21:30.183+0530[0;39m [34mINFO [0;39m [[36mtraceId: [0;39m] [[36msourceIp: [0;39m] [[36muserId: [0;39m] [[32mrestartedMain[0;39m] [33mo.h.e.t.j.p.i.JtaPlatformInitiator[0;39m::[35m?[0;39m: - HHH000490: Using JtaPlatform implementation: [org.hibernate.engine.transaction.jta.platform.internal.NoJtaPlatform]
[37m2023-06-10T18:21:30.192+0530[0;39m [34mINFO [0;39m [[36mtraceId: [0;39m] [[36msourceIp: [0;39m] [[36muserId: [0;39m] [[32mrestartedMain[0;39m] [33mo.s.o.j.LocalContainerEntityManagerFactoryBean[0;39m::[35m?[0;39m: - Initialized JPA EntityManagerFactory for persistence unit 'default'
[37m2023-06-10T18:21:30.617+0530[0;39m [31mWARN [0;39m [[36mtraceId: [0;39m] [[36msourceIp: [0;39m] [[36muserId: [0;39m] [[32mrestartedMain[0;39m] [33mo.s.b.a.o.j.JpaBaseConfiguration$JpaWebConfiguration[0;39m::[35m?[0;39m: - spring.jpa.open-in-view is enabled by default. Therefore, database queries may be performed during view rendering. Explicitly configure spring.jpa.open-in-view to disable this warning
[37m2023-06-10T18:21:30.953+0530[0;39m [34mINFO [0;39m [[36mtraceId: [0;39m] [[36msourceIp: [0;39m] [[36muserId: [0;39m] [[32mrestartedMain[0;39m] [33mo.s.b.d.a.OptionalLiveReloadServer[0;39m::[35m?[0;39m: - LiveReload server is running on port 35729
[37m2023-06-10T18:21:30.965+0530[0;39m [34mINFO [0;39m [[36mtraceId: [0;39m] [[36msourceIp: [0;39m] [[36muserId: [0;39m] [[32mrestartedMain[0;39m] [33mo.a.c.h.Http11NioProtocol[0;39m::[35m?[0;39m: - Starting ProtocolHandler ["http-nio-9823"]
[37m2023-06-10T18:21:30.986+0530[0;39m [34mINFO [0;39m [[36mtraceId: [0;39m] [[36msourceIp: [0;39m] [[36muserId: [0;39m] [[32mrestartedMain[0;39m] [33mo.s.b.w.e.t.TomcatWebServer[0;39m::[35m?[0;39m: - Tomcat started on port(s): 9823 (http) with context path ''
[37m2023-06-10T18:21:30.998+0530[0;39m [34mINFO [0;39m [[36mtraceId: [0;39m] [[36msourceIp: [0;39m] [[36muserId: [0;39m] [[32mrestartedMain[0;39m] [33mc.b.E.ElectronicStoreApplication[0;39m::[35m?[0;39m: - Started ElectronicStoreApplication in 6.035 seconds (JVM running for 6.701)
[37m2023-06-10T18:21:59.288+0530[0;39m [39mDEBUG[0;39m [[36mtraceId: [0;39m] [[36msourceIp: [0;39m] [[36muserId: [0;39m] [[32mHikariPool-1 housekeeper[0;39m] [33mc.z.h.p.HikariPool[0;39m::[35m?[0;39m: - HikariPool-1 - Pool stats (total=10, active=0, idle=10, waiting=0)
[37m2023-06-10T18:21:59.288+0530[0;39m [39mDEBUG[0;39m [[36mtraceId: [0;39m] [[36msourceIp: [0;39m] [[36muserId: [0;39m] [[32mHikariPool-1 housekeeper[0;39m] [33mc.z.h.p.HikariPool[0;39m::[35m?[0;39m: - HikariPool-1 - Fill pool skipped, pool is at sufficient level.
[37m2023-06-10T18:22:16.027+0530[0;39m [34mINFO [0;39m [[36mtraceId: [0;39m] [[36msourceIp: [0;39m] [[36muserId: [0;39m] [[32mSpringApplicationShutdownHook[0;39m] [33mo.s.o.j.LocalContainerEntityManagerFactoryBean[0;39m::[35m?[0;39m: - Closing JPA EntityManagerFactory for persistence unit 'default'
[37m2023-06-10T18:22:16.031+0530[0;39m [34mINFO [0;39m [[36mtraceId: [0;39m] [[36msourceIp: [0;39m] [[36muserId: [0;39m] [[32mSpringApplicationShutdownHook[0;39m] [33mc.z.h.HikariDataSource[0;39m::[35m?[0;39m: - HikariPool-1 - Shutdown initiated...
[37m2023-06-10T18:22:16.031+0530[0;39m [39mDEBUG[0;39m [[36mtraceId: [0;39m] [[36msourceIp: [0;39m] [[36muserId: [0;39m] [[32mSpringApplicationShutdownHook[0;39m] [33mc.z.h.p.HikariPool[0;39m::[35m?[0;39m: - HikariPool-1 - Before shutdown stats (total=10, active=0, idle=10, waiting=0)
[37m2023-06-10T18:22:16.033+0530[0;39m [39mDEBUG[0;39m [[36mtraceId: [0;39m] [[36msourceIp: [0;39m] [[36muserId: [0;39m] [[32mHikariPool-1 connection closer[0;39m] [33mc.z.h.pool.PoolBase[0;39m::[35m?[0;39m: - HikariPool-1 - Closing connection com.mysql.cj.jdbc.ConnectionImpl@414d25a0: (connection evicted)
[37m2023-06-10T18:22:16.036+0530[0;39m [39mDEBUG[0;39m [[36mtraceId: [0;39m] [[36msourceIp: [0;39m] [[36muserId: [0;39m] [[32mHikariPool-1 connection closer[0;39m] [33mc.z.h.pool.PoolBase[0;39m::[35m?[0;39m: - HikariPool-1 - Closing connection com.mysql.cj.jdbc.ConnectionImpl@61fc82d: (connection evicted)
[37m2023-06-10T18:22:16.036+0530[0;39m [39mDEBUG[0;39m [[36mtraceId: [0;39m] [[36msourceIp: [0;39m] [[36muserId: [0;39m] [[32mHikariPool-1 connection closer[0;39m] [33mc.z.h.pool.PoolBase[0;39m::[35m?[0;39m: - HikariPool-1 - Closing connection com.mysql.cj.jdbc.ConnectionImpl@4722c216: (connection evicted)
[37m2023-06-10T18:22:16.037+0530[0;39m [39mDEBUG[0;39m [[36mtraceId: [0;39m] [[36msourceIp: [0;39m] [[36muserId: [0;39m] [[32mHikariPool-1 connection closer[0;39m] [33mc.z.h.pool.PoolBase[0;39m::[35m?[0;39m: - HikariPool-1 - Closing connection com.mysql.cj.jdbc.ConnectionImpl@762fc0ff: (connection evicted)
[37m2023-06-10T18:22:16.038+0530[0;39m [39mDEBUG[0;39m [[36mtraceId: [0;39m] [[36msourceIp: [0;39m] [[36muserId: [0;39m] [[32mHikariPool-1 connection closer[0;39m] [33mc.z.h.pool.PoolBase[0;39m::[35m?[0;39m: - HikariPool-1 - Closing connection com.mysql.cj.jdbc.ConnectionImpl@270d3d59: (connection evicted)
[37m2023-06-10T18:22:16.038+0530[0;39m [39mDEBUG[0;39m [[36mtraceId: [0;39m] [[36msourceIp: [0;39m] [[36muserId: [0;39m] [[32mHikariPool-1 connection closer[0;39m] [33mc.z.h.pool.PoolBase[0;39m::[35m?[0;39m: - HikariPool-1 - Closing connection com.mysql.cj.jdbc.ConnectionImpl@2343e6fd: (connection evicted)
[37m2023-06-10T18:22:16.039+0530[0;39m [39mDEBUG[0;39m [[36mtraceId: [0;39m] [[36msourceIp: [0;39m] [[36muserId: [0;39m] [[32mHikariPool-1 connection closer[0;39m] [33mc.z.h.pool.PoolBase[0;39m::[35m?[0;39m: - HikariPool-1 - Closing connection com.mysql.cj.jdbc.ConnectionImpl@2b0d2e4e: (connection evicted)
[37m2023-06-10T18:22:16.039+0530[0;39m [39mDEBUG[0;39m [[36mtraceId: [0;39m] [[36msourceIp: [0;39m] [[36muserId: [0;39m] [[32mHikariPool-1 connection closer[0;39m] [33mc.z.h.pool.PoolBase[0;39m::[35m?[0;39m: - HikariPool-1 - Closing connection com.mysql.cj.jdbc.ConnectionImpl@2dda6f1b: (connection evicted)
[37m2023-06-10T18:22:16.040+0530[0;39m [39mDEBUG[0;39m [[36mtraceId: [0;39m] [[36msourceIp: [0;39m] [[36muserId: [0;39m] [[32mHikariPool-1 connection closer[0;39m] [33mc.z.h.pool.PoolBase[0;39m::[35m?[0;39m: - HikariPool-1 - Closing connection com.mysql.cj.jdbc.ConnectionImpl@23ad5eae: (connection evicted)
[37m2023-06-10T18:22:16.040+0530[0;39m [39mDEBUG[0;39m [[36mtraceId: [0;39m] [[36msourceIp: [0;39m] [[36muserId: [0;39m] [[32mHikariPool-1 connection closer[0;39m] [33mc.z.h.pool.PoolBase[0;39m::[35m?[0;39m: - HikariPool-1 - Closing connection com.mysql.cj.jdbc.ConnectionImpl@5c5cb02a: (connection evicted)
[37m2023-06-10T18:22:16.042+0530[0;39m [39mDEBUG[0;39m [[36mtraceId: [0;39m] [[36msourceIp: [0;39m] [[36muserId: [0;39m] [[32mSpringApplicationShutdownHook[0;39m] [33mc.z.h.p.HikariPool[0;39m::[35m?[0;39m: - HikariPool-1 - After shutdown stats (total=0, active=0, idle=0, waiting=0)
[37m2023-06-10T18:22:16.042+0530[0;39m [34mINFO [0;39m [[36mtraceId: [0;39m] [[36msourceIp: [0;39m] [[36muserId: [0;39m] [[32mSpringApplicationShutdownHook[0;39m] [33mc.z.h.HikariDataSource[0;39m::[35m?[0;39m: - HikariPool-1 - Shutdown completed.
